TN:
SF:src\domain\use-cases\createTable.use-case.ts
FN:10,CreateTable
FN:12,execute
FNF:2
FNH:1
FNDA:1,CreateTable
FNDA:0,execute
DA:1,1
DA:2,1
DA:3,1
DA:4,1
DA:5,1
DA:6,1
DA:7,1
DA:8,1
DA:9,1
DA:10,1
DA:11,1
DA:12,1
DA:13,0
DA:14,0
DA:15,0
DA:16,0
DA:17,0
DA:18,0
DA:19,0
DA:20,1
LF:20
LH:13
BRDA:10,0,0,1
BRF:1
BRH:1
end_of_record
TN:
SF:src\domain\use-cases\save-file.use-case.ts
FN:14,SaveFile
FN:17,execute
FNF:2
FNH:1
FNDA:1,SaveFile
FNDA:0,execute
DA:1,1
DA:2,1
DA:3,1
DA:4,1
DA:5,1
DA:6,1
DA:7,1
DA:8,1
DA:9,1
DA:10,1
DA:11,1
DA:12,1
DA:13,1
DA:14,1
DA:15,1
DA:16,1
DA:17,1
DA:18,0
DA:19,0
DA:20,0
DA:21,0
DA:22,0
DA:23,0
DA:24,0
DA:25,0
DA:26,0
DA:27,0
DA:28,0
DA:29,0
DA:30,0
DA:31,0
DA:32,1
LF:32
LH:18
BRDA:14,0,0,1
BRF:1
BRH:1
end_of_record
TN:
SF:src\presentation\server-app.ts
FN:13,run
FNF:1
FNH:1
FNDA:1,run
DA:1,1
DA:2,1
DA:3,1
DA:4,1
DA:5,1
DA:6,1
DA:7,1
DA:8,1
DA:9,1
DA:10,1
DA:11,1
DA:12,1
DA:13,1
DA:14,1
DA:15,1
DA:16,1
DA:17,1
DA:18,1
DA:19,1
DA:20,1
DA:21,1
DA:22,1
DA:23,1
DA:24,1
LF:24
LH:24
BRDA:13,0,0,1
BRDA:21,1,0,0
BRDA:22,2,0,0
BRF:3
BRH:1
end_of_record
